%!Adobe-FontList 1.23
%Locale:0x413

%BeginFont
Handler:DirectoryHandler
FontType:Type1
FontName:AcuminVariableConcept
FamilyName:Acumin Variable Concept
StyleName:Default
FullName:Acumin Variable Concept Default
MenuName:Acumin Variable Concept
FamilyPrefix:AcuminConcept
StyleBits:0
WritingScript:Roman
OutlineFileName:C:\Users\Flapt\Pictures\artdesignbySF\No more cash poster\Cash-poster map\Document fonts\AcuminVariableConcept.otf
DataFormat:sfntData
UsesStandardEncoding:yes
isCFF:yes
hasSVG:no
VariableFontType:CFF2VariableFont
FileLength:1029036
FileModTime:1669833029
WeightClass:275
WidthClass:5
AngleClass:0
NameArray:0,Win,1,Acumin Variable Concept
%EndFont

